This is pdfTeX, Version 3.1415926-2.5-1.40.14 (TeX Live 2013/Arch Linux) (format=pdflatex 2014.5.5)  8 JUN 2014 17:34
entering extended mode
 restricted \write18 enabled.
 %&-line parsing enabled.
**documentation.tex
(./documentation.tex
LaTeX2e <2011/06/27>
Babel <3.9h> and hyphenation patterns for 78 languages loaded.
(/usr/share/texmf-dist/tex/latex/base/article.cls
Document Class: article 2007/10/19 v1.4h Standard LaTeX document class
(/usr/share/texmf-dist/tex/latex/base/size12.clo
File: size12.clo 2007/10/19 v1.4h Standard LaTeX file (size option)
)
\c@part=\count79
\c@section=\count80
\c@subsection=\count81
\c@subsubsection=\count82
\c@paragraph=\count83
\c@subparagraph=\count84
\c@figure=\count85
\c@table=\count86
\abovecaptionskip=\skip41
\belowcaptionskip=\skip42
\bibindent=\dimen102
)
(/usr/share/texmf-dist/tex/latex/amsfonts/amssymb.sty
Package: amssymb 2013/01/14 v3.01 AMS font symbols

(/usr/share/texmf-dist/tex/latex/amsfonts/amsfonts.sty
Package: amsfonts 2013/01/14 v3.01 Basic AMSFonts support
\@emptytoks=\toks14
\symAMSa=\mathgroup4
\symAMSb=\mathgroup5
LaTeX Font Info:    Overwriting math alphabet `\mathfrak' in version `bold'
(Font)                  U/euf/m/n --> U/euf/b/n on input line 106.
))
(/usr/share/texmf-dist/tex/latex/graphics/graphicx.sty
Package: graphicx 1999/02/16 v1.0f Enhanced LaTeX Graphics (DPC,SPQR)

(/usr/share/texmf-dist/tex/latex/graphics/keyval.sty
Package: keyval 1999/03/16 v1.13 key=value parser (DPC)
\KV@toks@=\toks15
)
(/usr/share/texmf-dist/tex/latex/graphics/graphics.sty
Package: graphics 2009/02/05 v1.0o Standard LaTeX Graphics (DPC,SPQR)

(/usr/share/texmf-dist/tex/latex/graphics/trig.sty
Package: trig 1999/03/16 v1.09 sin cos tan (DPC)
)
(/usr/share/texmf-dist/tex/latex/latexconfig/graphics.cfg
File: graphics.cfg 2010/04/23 v1.9 graphics configuration of TeX Live
)
Package graphics Info: Driver file: pdftex.def on input line 91.

(/usr/share/texmf-dist/tex/latex/pdftex-def/pdftex.def
File: pdftex.def 2011/05/27 v0.06d Graphics/color for pdfTeX

(/usr/share/texmf-dist/tex/generic/oberdiek/infwarerr.sty
Package: infwarerr 2010/04/08 v1.3 Providing info/warning/error messages (HO)
)
(/usr/share/texmf-dist/tex/generic/oberdiek/ltxcmds.sty
Package: ltxcmds 2011/11/09 v1.22 LaTeX kernel commands for general use (HO)
)
\Gread@gobject=\count87
))
\Gin@req@height=\dimen103
\Gin@req@width=\dimen104
)
(/usr/share/texmf-dist/tex/latex/etoolbox/etoolbox.sty
Package: etoolbox 2011/01/03 v2.1 e-TeX tools for LaTeX

(/usr/share/texmf-dist/tex/latex/etex-pkg/etex.sty
Package: etex 1998/03/26 v2.0 eTeX basic definition package (PEB)
\et@xins=\count88
)
\etb@tempcnta=\count89
)
(/usr/share/texmf-dist/tex/latex/paralist/paralist.sty
Package: paralist 2013/06/09 v2.4 Extended list environments
\pltopsep=\skip43
\plpartopsep=\skip44
\plitemsep=\skip45
\plparsep=\skip46
\pl@lab=\toks16
)
(/usr/share/texmf-dist/tex/latex/mh/mathtools.sty
Package: mathtools 2013/02/12 v1.13 mathematical typesetting tools

(/usr/share/texmf-dist/tex/latex/tools/calc.sty
Package: calc 2007/08/22 v4.3 Infix arithmetic (KKT,FJ)
\calc@Acount=\count90
\calc@Bcount=\count91
\calc@Adimen=\dimen105
\calc@Bdimen=\dimen106
\calc@Askip=\skip47
\calc@Bskip=\skip48
LaTeX Info: Redefining \setlength on input line 76.
LaTeX Info: Redefining \addtolength on input line 77.
\calc@Ccount=\count92
\calc@Cskip=\skip49
)
(/usr/share/texmf-dist/tex/latex/mh/mhsetup.sty
Package: mhsetup 2010/01/21 v1.2a programming setup (MH)
)
(/usr/share/texmf-dist/tex/latex/amsmath/amsmath.sty
Package: amsmath 2013/01/14 v2.14 AMS math features
\@mathmargin=\skip50

For additional information on amsmath, use the `?' option.
(/usr/share/texmf-dist/tex/latex/amsmath/amstext.sty
Package: amstext 2000/06/29 v2.01

(/usr/share/texmf-dist/tex/latex/amsmath/amsgen.sty
File: amsgen.sty 1999/11/30 v2.0
\@emptytoks=\toks17
\ex@=\dimen107
))
(/usr/share/texmf-dist/tex/latex/amsmath/amsbsy.sty
Package: amsbsy 1999/11/29 v1.2d
\pmbraise@=\dimen108
)
(/usr/share/texmf-dist/tex/latex/amsmath/amsopn.sty
Package: amsopn 1999/12/14 v2.01 operator names
)
\inf@bad=\count93
LaTeX Info: Redefining \frac on input line 210.
\uproot@=\count94
\leftroot@=\count95
LaTeX Info: Redefining \overline on input line 306.
\classnum@=\count96
\DOTSCASE@=\count97
LaTeX Info: Redefining \ldots on input line 378.
LaTeX Info: Redefining \dots on input line 381.
LaTeX Info: Redefining \cdots on input line 466.
\Mathstrutbox@=\box26
\strutbox@=\box27
\big@size=\dimen109
LaTeX Font Info:    Redeclaring font encoding OML on input line 566.
LaTeX Font Info:    Redeclaring font encoding OMS on input line 567.
\macc@depth=\count98
\c@MaxMatrixCols=\count99
\dotsspace@=\muskip10
\c@parentequation=\count100
\dspbrk@lvl=\count101
\tag@help=\toks18
\row@=\count102
\column@=\count103
\maxfields@=\count104
\andhelp@=\toks19
\eqnshift@=\dimen110
\alignsep@=\dimen111
\tagshift@=\dimen112
\tagwidth@=\dimen113
\totwidth@=\dimen114
\lineht@=\dimen115
\@envbody=\toks20
\multlinegap=\skip51
\multlinetaggap=\skip52
\mathdisplay@stack=\toks21
LaTeX Info: Redefining \[ on input line 2665.
LaTeX Info: Redefining \] on input line 2666.
)
LaTeX Info: Thecontrolsequence`\['isalreadyrobust on input line 129.
LaTeX Info: Thecontrolsequence`\]'isalreadyrobust on input line 129.
\g_MT_multlinerow_int=\count105
\l_MT_multwidth_dim=\dimen116
\origjot=\skip53
\l_MT_shortvdotswithinadjustabove_dim=\dimen117
\l_MT_shortvdotswithinadjustbelow_dim=\dimen118
\l_MT_above_intertext_sep=\dimen119
\l_MT_below_intertext_sep=\dimen120
\l_MT_above_shortintertext_sep=\dimen121
\l_MT_below_shortintertext_sep=\dimen122
)
(/usr/share/texmf-dist/tex/latex/hyperref/hyperref.sty
Package: hyperref 2012/11/06 v6.83m Hypertext links for LaTeX

(/usr/share/texmf-dist/tex/generic/oberdiek/hobsub-hyperref.sty
Package: hobsub-hyperref 2012/05/28 v1.13 Bundle oberdiek, subset hyperref (HO)


(/usr/share/texmf-dist/tex/generic/oberdiek/hobsub-generic.sty
Package: hobsub-generic 2012/05/28 v1.13 Bundle oberdiek, subset generic (HO)
Package: hobsub 2012/05/28 v1.13 Construct package bundles (HO)
Package hobsub Info: Skipping package `infwarerr' (already loaded).
Package hobsub Info: Skipping package `ltxcmds' (already loaded).
Package: ifluatex 2010/03/01 v1.3 Provides the ifluatex switch (HO)
Package ifluatex Info: LuaTeX not detected.
Package: ifvtex 2010/03/01 v1.5 Detect VTeX and its facilities (HO)
Package ifvtex Info: VTeX not detected.
Package: intcalc 2007/09/27 v1.1 Expandable calculations with integers (HO)
Package: ifpdf 2011/01/30 v2.3 Provides the ifpdf switch (HO)
Package ifpdf Info: pdfTeX in PDF mode is detected.
Package: etexcmds 2011/02/16 v1.5 Avoid name clashes with e-TeX commands (HO)
Package etexcmds Info: Could not find \expanded.
(etexcmds)             That can mean that you are not using pdfTeX 1.50 or
(etexcmds)             that some package has redefined \expanded.
(etexcmds)             In the latter case, load this package earlier.
Package: kvsetkeys 2012/04/25 v1.16 Key value parser (HO)
Package: kvdefinekeys 2011/04/07 v1.3 Define keys (HO)
Package: pdftexcmds 2011/11/29 v0.20 Utility functions of pdfTeX for LuaTeX (HO
)
Package pdftexcmds Info: LuaTeX not detected.
Package pdftexcmds Info: \pdf@primitive is available.
Package pdftexcmds Info: \pdf@ifprimitive is available.
Package pdftexcmds Info: \pdfdraftmode found.
Package: pdfescape 2011/11/25 v1.13 Implements pdfTeX's escape features (HO)
Package: bigintcalc 2012/04/08 v1.3 Expandable calculations on big integers (HO
)
Package: bitset 2011/01/30 v1.1 Handle bit-vector datatype (HO)
Package: uniquecounter 2011/01/30 v1.2 Provide unlimited unique counter (HO)
)
Package hobsub Info: Skipping package `hobsub' (already loaded).
Package: letltxmacro 2010/09/02 v1.4 Let assignment for LaTeX macros (HO)
Package: hopatch 2012/05/28 v1.2 Wrapper for package hooks (HO)
Package: xcolor-patch 2011/01/30 xcolor patch
Package: atveryend 2011/06/30 v1.8 Hooks at the very end of document (HO)
Package: atbegshi 2011/10/05 v1.16 At begin shipout hook (HO)
Package: refcount 2011/10/16 v3.4 Data extraction from label references (HO)
Package: hycolor 2011/01/30 v1.7 Color options for hyperref/bookmark (HO)
)
(/usr/share/texmf-dist/tex/generic/ifxetex/ifxetex.sty
Package: ifxetex 2010/09/12 v0.6 Provides ifxetex conditional
)
(/usr/share/texmf-dist/tex/latex/oberdiek/auxhook.sty
Package: auxhook 2011/03/04 v1.3 Hooks for auxiliary files (HO)
)
(/usr/share/texmf-dist/tex/latex/oberdiek/kvoptions.sty
Package: kvoptions 2011/06/30 v3.11 Key value format for package options (HO)
)
\@linkdim=\dimen123
\Hy@linkcounter=\count106
\Hy@pagecounter=\count107

(/usr/share/texmf-dist/tex/latex/hyperref/pd1enc.def
File: pd1enc.def 2012/11/06 v6.83m Hyperref: PDFDocEncoding definition (HO)
)
\Hy@SavedSpaceFactor=\count108

(/usr/share/texmf-dist/tex/latex/latexconfig/hyperref.cfg
File: hyperref.cfg 2002/06/06 v1.2 hyperref configuration of TeXLive
)
Package hyperref Info: Hyper figures OFF on input line 4443.
Package hyperref Info: Link nesting OFF on input line 4448.
Package hyperref Info: Hyper index ON on input line 4451.
Package hyperref Info: Plain pages OFF on input line 4458.
Package hyperref Info: Backreferencing OFF on input line 4463.
Package hyperref Info: Implicit mode ON; LaTeX internals redefined.
Package hyperref Info: Bookmarks ON on input line 4688.
\c@Hy@tempcnt=\count109

(/usr/share/texmf-dist/tex/latex/url/url.sty
\Urlmuskip=\muskip11
Package: url 2013/09/16  ver 3.4  Verb mode for urls, etc.
)
LaTeX Info: Redefining \url on input line 5041.
\XeTeXLinkMargin=\dimen124
\Fld@menulength=\count110
\Field@Width=\dimen125
\Fld@charsize=\dimen126
Package hyperref Info: Hyper figures OFF on input line 6295.
Package hyperref Info: Link nesting OFF on input line 6300.
Package hyperref Info: Hyper index ON on input line 6303.
Package hyperref Info: backreferencing OFF on input line 6310.
Package hyperref Info: Link coloring OFF on input line 6315.
Package hyperref Info: Link coloring with OCG OFF on input line 6320.
Package hyperref Info: PDF/A mode OFF on input line 6325.
LaTeX Info: Redefining \ref on input line 6365.
LaTeX Info: Redefining \pageref on input line 6369.
\Hy@abspage=\count111
\c@Item=\count112
\c@Hfootnote=\count113
)

Package hyperref Message: Driver: hpdftex.

(/usr/share/texmf-dist/tex/latex/hyperref/hpdftex.def
File: hpdftex.def 2012/11/06 v6.83m Hyperref driver for pdfTeX
\Fld@listcount=\count114
\c@bookmark@seq@number=\count115

(/usr/share/texmf-dist/tex/latex/oberdiek/rerunfilecheck.sty
Package: rerunfilecheck 2011/04/15 v1.7 Rerun checks for auxiliary files (HO)
Package uniquecounter Info: New unique counter `rerunfilecheck' on input line 2
82.
)
\Hy@SectionHShift=\skip54
)
(/usr/share/texmf-dist/tex/latex/floatflt/floatflt.sty
Package: floatflt 1997/07/16 v. 1.31
\c@OptionTest=\count116
\figbox=\box28
\tabbox=\box29
\pagebox=\box30
\ffigcount=\count117
\ftabcount=\count118
\fftest=\count119
\hangcount=\count120
\nosuccesstryfig=\count121
\nosuccesstrytab=\count122
\figgutter=\dimen127
\tabgutter=\dimen128
\htdone=\dimen129
\pageht=\dimen130
\startpageht=\dimen131
\tabbredd=\dimen132
\floatfltwidth=\dimen133
\fltitemwidth=\dimen134
\outputpretest=\toks22
)
(/usr/share/texmf-dist/tex/latex/glossaries/base/glossaries.sty
Package: glossaries 2014/01/20 v4.03 (NLCT)

(/usr/share/texmf-dist/tex/latex/base/ifthen.sty
Package: ifthen 2001/05/26 v1.1c Standard LaTeX ifthen package (DPC)
)
(/usr/share/texmf-dist/tex/latex/xkeyval/xkeyval.sty
Package: xkeyval 2012/10/14 v2.6b package option processing (HA)

(/usr/share/texmf-dist/tex/generic/xkeyval/xkeyval.tex
\XKV@toks=\toks23
\XKV@tempa@toks=\toks24
\XKV@depth=\count123
File: xkeyval.tex 2012/10/14 v2.6b key=value parser (HA)
))
(/usr/share/texmf-dist/tex/latex/glossaries/base/mfirstuc.sty
Package: mfirstuc 2013/11/04 v1.08 (NLCT)
\@glsmfirst=\toks25
\@glsmrest=\toks26
)
(/usr/share/texmf-dist/tex/latex/textcase/textcase.sty
Package: textcase 2004/10/07 v0.07 Text only upper/lower case changing (DPC)
)
(/usr/share/texmf-dist/tex/latex/xfor/xfor.sty
Package: xfor 2009/02/05 v1.05 (NLCT)
)
(/usr/share/texmf-dist/tex/latex/datatool/datatool-base.sty
Package: datatool-base 2013/09/06 v2.18 (NLCT)

(/usr/share/texmf-dist/tex/latex/substr/substr.sty
Package: substr 2009/10/20 v1.2 Handle substrings
\c@su@anzahl=\count124
)
(/usr/share/texmf-dist/tex/latex/datatool/datatool-fp.sty
Package: datatool-fp 2013/08/29 v2.17 (NLCT)

(/usr/share/texmf-dist/tex/latex/fp/fp.sty
Package: fp 1995/04/02

`Fixed Point Package', Version 0.8, April 2, 1995 (C) Michael Mehlich
(/usr/share/texmf-dist/tex/latex/fp/defpattern.sty
Package: defpattern 1994/10/12
\actioncount=\count125
)
(/usr/share/texmf-dist/tex/latex/fp/fp-basic.sty
Package: fp-basic 1996/05/13
\FP@xs=\count126
\FP@xia=\count127
\FP@xib=\count128
\FP@xfa=\count129
\FP@xfb=\count130
\FP@rega=\count131
\FP@regb=\count132
\FP@regs=\count133
\FP@times=\count134
)
(/usr/share/texmf-dist/tex/latex/fp/fp-addons.sty
Package: fp-addons 1995/03/15
)
(/usr/share/texmf-dist/tex/latex/fp/fp-snap.sty
Package: fp-snap 1995/04/05
)
(/usr/share/texmf-dist/tex/latex/fp/fp-exp.sty
Package: fp-exp 1995/04/03
)
(/usr/share/texmf-dist/tex/latex/fp/fp-trigo.sty
Package: fp-trigo 1995/04/14
)
(/usr/share/texmf-dist/tex/latex/fp/fp-pas.sty
Package: fp-pas 1994/08/29
)
(/usr/share/texmf-dist/tex/latex/fp/fp-random.sty
Package: fp-random 1995/02/23
\FPseed=\count135
)
(/usr/share/texmf-dist/tex/latex/fp/fp-eqn.sty
Package: fp-eqn 1995/04/03
)
(/usr/share/texmf-dist/tex/latex/fp/fp-upn.sty
Package: fp-upn 1996/10/21
)
(/usr/share/texmf-dist/tex/latex/fp/fp-eval.sty
Package: fp-eval 1995/04/03
)))
\@dtl@toks=\toks27
\@dtl@tmpcount=\count136
\dtl@tmplength=\skip55
\dtl@sortresult=\count137
\@dtl@numgrpsepcount=\count138
\@dtl@datatype=\count139
\dtl@codeA=\count140
\dtl@codeB=\count141
\@dtl@foreach@level=\count142
)
(/usr/share/texmf-dist/tex/latex/glossaries/base/glossaries-compatible-307.sty
Package: glossaries-compatible-307 2013/11/14 v4.0 (NLCT)
)
\gls@level=\count143
\@gls@tmpb=\toks28
\gls@tmplen=\skip56
\glswrite=\write3
\glskeylisttok=\toks29
\glslabeltok=\toks30
\glsshorttok=\toks31
\glslongtok=\toks32
(/usr/share/texmf-dist/tex/latex/glossaries/styles/glossary-hypernav.sty
Package: glossary-hypernav 2013/11/14 v4.0 (NLCT)
)
(/usr/share/texmf-dist/tex/latex/glossaries/styles/glossary-list.sty
Package: glossary-list 2013/11/14 v4.0 (NLCT)
\glslistdottedwidth=\skip57
)
(/usr/share/texmf-dist/tex/latex/glossaries/styles/glossary-long.sty
Package: glossary-long 2013/11/14 v4.0 (NLCT)

(/usr/share/texmf-dist/tex/latex/tools/longtable.sty
Package: longtable 2004/02/01 v4.11 Multi-page Table package (DPC)
\LTleft=\skip58
\LTright=\skip59
\LTpre=\skip60
\LTpost=\skip61
\LTchunksize=\count144
\LTcapwidth=\dimen135
\LT@head=\box31
\LT@firsthead=\box32
\LT@foot=\box33
\LT@lastfoot=\box34
\LT@cols=\count145
\LT@rows=\count146
\c@LT@tables=\count147
\c@LT@chunks=\count148
\LT@p@ftn=\toks33
)
\glsdescwidth=\skip62
\glspagelistwidth=\skip63
)
(/usr/share/texmf-dist/tex/latex/glossaries/styles/glossary-super.sty
Package: glossary-super 2013/11/14 v4.0 (NLCT)

(/usr/share/texmf-dist/tex/latex/supertabular/supertabular.sty
Package: supertabular 2004/02/20 v4.1e the supertabular environment
\c@tracingst=\count149
\ST@wd=\dimen136
\ST@rightskip=\skip64
\ST@leftskip=\skip65
\ST@parfillskip=\skip66
\ST@pageleft=\dimen137
\ST@headht=\dimen138
\ST@tailht=\dimen139
\ST@pagesofar=\dimen140
\ST@pboxht=\dimen141
\ST@lineht=\dimen142
\ST@stretchht=\dimen143
\ST@prevht=\dimen144
\ST@toadd=\dimen145
\ST@dimen=\dimen146
\ST@pbox=\box35
))
(/usr/share/texmf-dist/tex/latex/glossaries/styles/glossary-tree.sty
Package: glossary-tree 2013/11/14 v4.0 (NLCT)
\glstreeindent=\skip67
))
(/usr/share/texmf-dist/tex/latex/base/inputenc.sty
Package: inputenc 2008/03/30 v1.1d Input encoding file
\inpenc@prehook=\toks34
\inpenc@posthook=\toks35

(/usr/share/texmf-dist/tex/latex/base/utf8.def
File: utf8.def 2008/04/05 v1.1m UTF-8 support for inputenc
Now handling font encoding OML ...
... no UTF-8 mapping file for font encoding OML
Now handling font encoding T1 ...
... processing UTF-8 mapping file for font encoding T1

(/usr/share/texmf-dist/tex/latex/base/t1enc.dfu
File: t1enc.dfu 2008/04/05 v1.1m UTF-8 support for inputenc
   defining Unicode char U+00A1 (decimal 161)
   defining Unicode char U+00A3 (decimal 163)
   defining Unicode char U+00AB (decimal 171)
   defining Unicode char U+00BB (decimal 187)
   defining Unicode char U+00BF (decimal 191)
   defining Unicode char U+00C0 (decimal 192)
   defining Unicode char U+00C1 (decimal 193)
   defining Unicode char U+00C2 (decimal 194)
   defining Unicode char U+00C3 (decimal 195)
   defining Unicode char U+00C4 (decimal 196)
   defining Unicode char U+00C5 (decimal 197)
   defining Unicode char U+00C6 (decimal 198)
   defining Unicode char U+00C7 (decimal 199)
   defining Unicode char U+00C8 (decimal 200)
   defining Unicode char U+00C9 (decimal 201)
   defining Unicode char U+00CA (decimal 202)
   defining Unicode char U+00CB (decimal 203)
   defining Unicode char U+00CC (decimal 204)
   defining Unicode char U+00CD (decimal 205)
   defining Unicode char U+00CE (decimal 206)
   defining Unicode char U+00CF (decimal 207)
   defining Unicode char U+00D0 (decimal 208)
   defining Unicode char U+00D1 (decimal 209)
   defining Unicode char U+00D2 (decimal 210)
   defining Unicode char U+00D3 (decimal 211)
   defining Unicode char U+00D4 (decimal 212)
   defining Unicode char U+00D5 (decimal 213)
   defining Unicode char U+00D6 (decimal 214)
   defining Unicode char U+00D8 (decimal 216)
   defining Unicode char U+00D9 (decimal 217)
   defining Unicode char U+00DA (decimal 218)
   defining Unicode char U+00DB (decimal 219)
   defining Unicode char U+00DC (decimal 220)
   defining Unicode char U+00DD (decimal 221)
   defining Unicode char U+00DE (decimal 222)
   defining Unicode char U+00DF (decimal 223)
   defining Unicode char U+00E0 (decimal 224)
   defining Unicode char U+00E1 (decimal 225)
   defining Unicode char U+00E2 (decimal 226)
   defining Unicode char U+00E3 (decimal 227)
   defining Unicode char U+00E4 (decimal 228)
   defining Unicode char U+00E5 (decimal 229)
   defining Unicode char U+00E6 (decimal 230)
   defining Unicode char U+00E7 (decimal 231)
   defining Unicode char U+00E8 (decimal 232)
   defining Unicode char U+00E9 (decimal 233)
   defining Unicode char U+00EA (decimal 234)
   defining Unicode char U+00EB (decimal 235)
   defining Unicode char U+00EC (decimal 236)
   defining Unicode char U+00ED (decimal 237)
   defining Unicode char U+00EE (decimal 238)
   defining Unicode char U+00EF (decimal 239)
   defining Unicode char U+00F0 (decimal 240)
   defining Unicode char U+00F1 (decimal 241)
   defining Unicode char U+00F2 (decimal 242)
   defining Unicode char U+00F3 (decimal 243)
   defining Unicode char U+00F4 (decimal 244)
   defining Unicode char U+00F5 (decimal 245)
   defining Unicode char U+00F6 (decimal 246)
   defining Unicode char U+00F8 (decimal 248)
   defining Unicode char U+00F9 (decimal 249)
   defining Unicode char U+00FA (decimal 250)
   defining Unicode char U+00FB (decimal 251)
   defining Unicode char U+00FC (decimal 252)
   defining Unicode char U+00FD (decimal 253)
   defining Unicode char U+00FE (decimal 254)
   defining Unicode char U+00FF (decimal 255)
   defining Unicode char U+0102 (decimal 258)
   defining Unicode char U+0103 (decimal 259)
   defining Unicode char U+0104 (decimal 260)
   defining Unicode char U+0105 (decimal 261)
   defining Unicode char U+0106 (decimal 262)
   defining Unicode char U+0107 (decimal 263)
   defining Unicode char U+010C (decimal 268)
   defining Unicode char U+010D (decimal 269)
   defining Unicode char U+010E (decimal 270)
   defining Unicode char U+010F (decimal 271)
   defining Unicode char U+0110 (decimal 272)
   defining Unicode char U+0111 (decimal 273)
   defining Unicode char U+0118 (decimal 280)
   defining Unicode char U+0119 (decimal 281)
   defining Unicode char U+011A (decimal 282)
   defining Unicode char U+011B (decimal 283)
   defining Unicode char U+011E (decimal 286)
   defining Unicode char U+011F (decimal 287)
   defining Unicode char U+0130 (decimal 304)
   defining Unicode char U+0131 (decimal 305)
   defining Unicode char U+0132 (decimal 306)
   defining Unicode char U+0133 (decimal 307)
   defining Unicode char U+0139 (decimal 313)
   defining Unicode char U+013A (decimal 314)
   defining Unicode char U+013D (decimal 317)
   defining Unicode char U+013E (decimal 318)
   defining Unicode char U+0141 (decimal 321)
   defining Unicode char U+0142 (decimal 322)
   defining Unicode char U+0143 (decimal 323)
   defining Unicode char U+0144 (decimal 324)
   defining Unicode char U+0147 (decimal 327)
   defining Unicode char U+0148 (decimal 328)
   defining Unicode char U+014A (decimal 330)
   defining Unicode char U+014B (decimal 331)
   defining Unicode char U+0150 (decimal 336)
   defining Unicode char U+0151 (decimal 337)
   defining Unicode char U+0152 (decimal 338)
   defining Unicode char U+0153 (decimal 339)
   defining Unicode char U+0154 (decimal 340)
   defining Unicode char U+0155 (decimal 341)
   defining Unicode char U+0158 (decimal 344)
   defining Unicode char U+0159 (decimal 345)
   defining Unicode char U+015A (decimal 346)
   defining Unicode char U+015B (decimal 347)
   defining Unicode char U+015E (decimal 350)
   defining Unicode char U+015F (decimal 351)
   defining Unicode char U+0160 (decimal 352)
   defining Unicode char U+0161 (decimal 353)
   defining Unicode char U+0162 (decimal 354)
   defining Unicode char U+0163 (decimal 355)
   defining Unicode char U+0164 (decimal 356)
   defining Unicode char U+0165 (decimal 357)
   defining Unicode char U+016E (decimal 366)
   defining Unicode char U+016F (decimal 367)
   defining Unicode char U+0170 (decimal 368)
   defining Unicode char U+0171 (decimal 369)
   defining Unicode char U+0178 (decimal 376)
   defining Unicode char U+0179 (decimal 377)
   defining Unicode char U+017A (decimal 378)
   defining Unicode char U+017B (decimal 379)
   defining Unicode char U+017C (decimal 380)
   defining Unicode char U+017D (decimal 381)
   defining Unicode char U+017E (decimal 382)
   defining Unicode char U+200C (decimal 8204)
   defining Unicode char U+2013 (decimal 8211)
   defining Unicode char U+2014 (decimal 8212)
   defining Unicode char U+2018 (decimal 8216)
   defining Unicode char U+2019 (decimal 8217)
   defining Unicode char U+201A (decimal 8218)
   defining Unicode char U+201C (decimal 8220)
   defining Unicode char U+201D (decimal 8221)
   defining Unicode char U+201E (decimal 8222)
   defining Unicode char U+2030 (decimal 8240)
   defining Unicode char U+2031 (decimal 8241)
   defining Unicode char U+2039 (decimal 8249)
   defining Unicode char U+203A (decimal 8250)
   defining Unicode char U+2423 (decimal 9251)
)
Now handling font encoding OT1 ...
... processing UTF-8 mapping file for font encoding OT1

(/usr/share/texmf-dist/tex/latex/base/ot1enc.dfu
File: ot1enc.dfu 2008/04/05 v1.1m UTF-8 support for inputenc
   defining Unicode char U+00A1 (decimal 161)
   defining Unicode char U+00A3 (decimal 163)
   defining Unicode char U+00B8 (decimal 184)
   defining Unicode char U+00BF (decimal 191)
   defining Unicode char U+00C5 (decimal 197)
   defining Unicode char U+00C6 (decimal 198)
   defining Unicode char U+00D8 (decimal 216)
   defining Unicode char U+00DF (decimal 223)
   defining Unicode char U+00E6 (decimal 230)
   defining Unicode char U+00EC (decimal 236)
   defining Unicode char U+00ED (decimal 237)
   defining Unicode char U+00EE (decimal 238)
   defining Unicode char U+00EF (decimal 239)
   defining Unicode char U+00F8 (decimal 248)
   defining Unicode char U+0131 (decimal 305)
   defining Unicode char U+0141 (decimal 321)
   defining Unicode char U+0142 (decimal 322)
   defining Unicode char U+0152 (decimal 338)
   defining Unicode char U+0153 (decimal 339)
   defining Unicode char U+2013 (decimal 8211)
   defining Unicode char U+2014 (decimal 8212)
   defining Unicode char U+2018 (decimal 8216)
   defining Unicode char U+2019 (decimal 8217)
   defining Unicode char U+201C (decimal 8220)
   defining Unicode char U+201D (decimal 8221)
)
Now handling font encoding OMS ...
... processing UTF-8 mapping file for font encoding OMS

(/usr/share/texmf-dist/tex/latex/base/omsenc.dfu
File: omsenc.dfu 2008/04/05 v1.1m UTF-8 support for inputenc
   defining Unicode char U+00A7 (decimal 167)
   defining Unicode char U+00B6 (decimal 182)
   defining Unicode char U+00B7 (decimal 183)
   defining Unicode char U+2020 (decimal 8224)
   defining Unicode char U+2021 (decimal 8225)
   defining Unicode char U+2022 (decimal 8226)
)
Now handling font encoding OMX ...
... no UTF-8 mapping file for font encoding OMX
Now handling font encoding U ...
... no UTF-8 mapping file for font encoding U
Now handling font encoding PD1 ...
... no UTF-8 mapping file for font encoding PD1
   defining Unicode char U+00A9 (decimal 169)
   defining Unicode char U+00AA (decimal 170)
   defining Unicode char U+00AE (decimal 174)
   defining Unicode char U+00BA (decimal 186)
   defining Unicode char U+02C6 (decimal 710)
   defining Unicode char U+02DC (decimal 732)
   defining Unicode char U+200C (decimal 8204)
   defining Unicode char U+2026 (decimal 8230)
   defining Unicode char U+2122 (decimal 8482)
   defining Unicode char U+2423 (decimal 9251)
))
(/usr/share/texmf-dist/tex/generic/babel/babel.sty
Package: babel 2013/12/03 3.9h The Babel package

(/usr/share/texmf-dist/tex/generic/babel-german/ngermanb.ldf
Language: ngermanb 2013/12/13 v2.7 German support for babel (new orthography)

(/usr/share/texmf-dist/tex/generic/babel/babel.def
File: babel.def 2013/12/03 3.9h Babel common definitions
\babel@savecnt=\count150
\U@D=\dimen147
)
\l@naustrian = a dialect from \language\l@ngerman 
\l@nswissgerman = a dialect from \language\l@ngerman 
Package babel Info: Making " an active character on input line 88.
))
(/usr/share/texmf-dist/tex/latex/oberdiek/bookmark.sty
Package: bookmark 2011/12/02 v1.24 PDF bookmarks (HO)

(/usr/share/texmf-dist/tex/latex/oberdiek/bkm-pdftex.def
File: bkm-pdftex.def 2011/12/02 v1.24 bookmark driver for pdfTeX (HO)
\BKM@id=\count151
))
(/usr/share/texmf-dist/tex/latex/fancyhdr/fancyhdr.sty
\fancy@headwidth=\skip68
\f@ncyO@elh=\skip69
\f@ncyO@erh=\skip70
\f@ncyO@olh=\skip71
\f@ncyO@orh=\skip72
\f@ncyO@elf=\skip73
\f@ncyO@erf=\skip74
\f@ncyO@olf=\skip75
\f@ncyO@orf=\skip76
)
(/usr/share/texmf-dist/tex/latex/lastpage/lastpage.sty
Package: lastpage 2013/01/28 v1.2l Refers to last page's name (HMM; JPG)
)
(/usr/share/texmf-dist/tex/latex/biblatex/biblatex.sty
Package: biblatex 2013/11/25 v2.8a programmable bibliographies (PK/JW/AB)

(/usr/share/texmf-dist/tex/latex/biblatex/biblatex2.sty
Package: biblatex2 2013/11/25 v2.8a programmable bibliographies (biber) (PK/JW/
AB)

(/usr/share/texmf-dist/tex/latex/logreq/logreq.sty
Package: logreq 2010/08/04 v1.0 xml request logger
\lrq@indent=\count152

(/usr/share/texmf-dist/tex/latex/logreq/logreq.def
File: logreq.def 2010/08/04 v1.0 logreq spec v1.0
))
\c@tabx@nest=\count153
\c@listtotal=\count154
\c@listcount=\count155
\c@liststart=\count156
\c@liststop=\count157
\c@citecount=\count158
\c@citetotal=\count159
\c@multicitecount=\count160
\c@multicitetotal=\count161
\c@instcount=\count162
\c@maxnames=\count163
\c@minnames=\count164
\c@maxitems=\count165
\c@minitems=\count166
\c@citecounter=\count167
\c@savedcitecounter=\count168
\c@uniquelist=\count169
\c@uniquename=\count170
\c@refsection=\count171
\c@refsegment=\count172
\c@maxextratitle=\count173
\c@maxextratitleyear=\count174
\c@maxextrayear=\count175
\c@maxextraalpha=\count176
\c@abbrvpenalty=\count177
\c@highnamepenalty=\count178
\c@lownamepenalty=\count179
\c@maxparens=\count180
\c@parenlevel=\count181
\blx@tempcnta=\count182
\blx@tempcntb=\count183
\blx@tempcntc=\count184
\blx@maxsection=\count185
\blx@maxsegment@0=\count186
\blx@notetype=\count187
\blx@parenlevel@text=\count188
\blx@parenlevel@foot=\count189
\blx@sectionciteorder@0=\count190
\labelnumberwidth=\skip77
\labelalphawidth=\skip78
\shorthandwidth=\skip79
\biblabelsep=\skip80
\bibitemsep=\skip81
\bibnamesep=\skip82
\bibinitsep=\skip83
\bibparsep=\skip84
\bibhang=\skip85
\blx@bcfin=\read1
\blx@bcfout=\write4
\c@mincomprange=\count191
\c@maxcomprange=\count192
\c@mincompwidth=\count193
Package biblatex Info: Trying to load biblatex default data model...
Package biblatex Info: ... file 'blx-dm.def' found.

(/usr/share/texmf-dist/tex/latex/biblatex/blx-dm.def)
Package biblatex Info: Trying to load biblatex style data model...
Package biblatex Info: ... file 'authoryear-ibid.dbx' not found.
Package biblatex Info: Trying to load biblatex custom data model...
Package biblatex Info: ... file 'biblatex-dm.cfg' not found.
\c@afterword=\count194
\c@savedafterword=\count195
\c@annotator=\count196
\c@savedannotator=\count197
\c@author=\count198
\c@savedauthor=\count199
\c@bookauthor=\count200
\c@savedbookauthor=\count201
\c@commentator=\count202
\c@savedcommentator=\count203
\c@editor=\count204
\c@savededitor=\count205
\c@editora=\count206
\c@savededitora=\count207
\c@editorb=\count208
\c@savededitorb=\count209
\c@editorc=\count210
\c@savededitorc=\count211
\c@foreword=\count212
\c@savedforeword=\count213
\c@holder=\count214
\c@savedholder=\count215
\c@introduction=\count216
\c@savedintroduction=\count217
\c@namea=\count218
\c@savednamea=\count219
\c@nameb=\count220
\c@savednameb=\count221
\c@namec=\count222
\c@savednamec=\count223
\c@shortauthor=\count224
\c@savedshortauthor=\count225
\c@shorteditor=\count226
\c@savedshorteditor=\count227
\c@translator=\count228
\c@savedtranslator=\count229
\c@labelname=\count230
\c@savedlabelname=\count231
\c@institution=\count232
\c@savedinstitution=\count233
Normal \count register pool exhausted, switching to extended pool.
\c@lista=\count277
\c@savedlista=\count278
\c@listb=\count279
\c@savedlistb=\count280
\c@listc=\count281
\c@savedlistc=\count282
\c@listd=\count283
\c@savedlistd=\count284
\c@liste=\count285
\c@savedliste=\count286
\c@listf=\count287
\c@savedlistf=\count288
\c@location=\count289
\c@savedlocation=\count290
\c@organization=\count291
\c@savedorganization=\count292
\c@origlocation=\count293
\c@savedoriglocation=\count294
\c@origpublisher=\count295
\c@savedorigpublisher=\count296
\c@publisher=\count297
\c@savedpublisher=\count298
\c@language=\count299
\c@savedlanguage=\count300
\c@pageref=\count301
\c@savedpageref=\count302
Package biblatex Info: Trying to load compatibility code...
Package biblatex Info: ... file 'blx-compat.def' found.

(/usr/share/texmf-dist/tex/latex/biblatex/blx-compat.def
File: blx-compat.def 2013/11/25 v2.8a biblatex compatibility (PK/JW/AB)
)
Package biblatex Info: Trying to load generic definitions...
Package biblatex Info: ... file 'biblatex.def' found.

(/usr/share/texmf-dist/tex/latex/biblatex/biblatex.def
File: biblatex.def 
\c@textcitecount=\count303
\c@textcitetotal=\count304
\c@textcitemaxnames=\count305
\c@biburlnumpenalty=\count306
\c@biburlucpenalty=\count307
\c@biburllcpenalty=\count308
\c@smartand=\count309
)
Package biblatex Info: Trying to load bibliography style 'authoryear-ibid'...
Package biblatex Info: ... file 'authoryear-ibid.bbx' found.

(/usr/share/texmf-dist/tex/latex/biblatex/bbx/authoryear-ibid.bbx
File: authoryear-ibid.bbx 2013/11/25 v2.8a biblatex bibliography style (PK/JW/A
B)
Package biblatex Info: Trying to load bibliography style 'authoryear'...
Package biblatex Info: ... file 'authoryear.bbx' found.

(/usr/share/texmf-dist/tex/latex/biblatex/bbx/authoryear.bbx
File: authoryear.bbx 2013/11/25 v2.8a biblatex bibliography style (PK/JW/AB)
Package biblatex Info: Trying to load bibliography style 'standard'...
Package biblatex Info: ... file 'standard.bbx' found.

(/usr/share/texmf-dist/tex/latex/biblatex/bbx/standard.bbx
File: standard.bbx 2013/11/25 v2.8a biblatex bibliography style (PK/JW/AB)
\c@bbx:relatedcount=\count310
\c@bbx:relatedtotal=\count311
)))
Package biblatex Info: Trying to load citation style 'authoryear-ibid'...
Package biblatex Info: ... file 'authoryear-ibid.cbx' found.

(/usr/share/texmf-dist/tex/latex/biblatex/cbx/authoryear-ibid.cbx
File: authoryear-ibid.cbx 2013/11/25 v2.8a biblatex citation style (PK/JW/AB)
Package biblatex Info: Redefining '\cite'.
Package biblatex Info: Redefining '\parencite'.
Package biblatex Info: Redefining '\footcite'.
Package biblatex Info: Redefining '\footcitetext'.
Package biblatex Info: Redefining '\smartcite'.
Package biblatex Info: Redefining '\textcite'.
Package biblatex Info: Redefining '\textcites'.
)
Package biblatex Info: Trying to load configuration file...
Package biblatex Info: ... file 'biblatex.cfg' found.

(/usr/share/texmf-dist/tex/latex/biblatex/biblatex.cfg
File: biblatex.cfg 
)))
(/usr/share/texmf-dist/tex/latex/csquotes/csquotes.sty
Package: csquotes 2011/10/22 v5.1d context-sensitive quotations
\csq@reset=\count312
\csq@gtype=\count313
\csq@glevel=\count314
\csq@qlevel=\count315
\csq@maxlvl=\count316
\csq@tshold=\count317
\csq@ltx@everypar=\toks36

(/usr/share/texmf-dist/tex/latex/csquotes/csquotes.def
File: csquotes.def 2011/10/22 v5.1d csquotes generic definitions
)
Package csquotes Info: Trying to load configuration file 'csquotes.cfg'...
Package csquotes Info: ... configuration file loaded successfully.

(/usr/share/texmf-dist/tex/latex/csquotes/csquotes.cfg
File: csquotes.cfg 
)
Package csquotes Info: Option 'babel' depreciated.
(csquotes)             Using 'autostyle'.
Package csquotes Info: Enabling multilingual quotes.
Package csquotes Info: Redefining alias 'german' -> 'german/quotes'.
)
(/usr/share/texmf-dist/tex/latex/caption/caption.sty
Package: caption 2013/05/02 v3.3-89 Customizing captions (AR)

(/usr/share/texmf-dist/tex/latex/caption/caption3.sty
Package: caption3 2013/05/02 v1.6-88 caption3 kernel (AR)
Package caption3 Info: TeX engine: e-TeX on input line 57.
\captionmargin=\dimen148
\captionmargin@=\dimen149
\captionwidth=\dimen150
\caption@tempdima=\dimen151
\caption@indent=\dimen152
\caption@parindent=\dimen153
\caption@hangindent=\dimen154
)
\c@ContinuedFloat=\count318
Package caption Info: floatflt package is loaded.
Package caption Info: hyperref package is loaded.
Package caption Info: longtable package is loaded.

(/usr/share/texmf-dist/tex/latex/caption/ltcaption.sty
Package: ltcaption 2013/02/03 v1.3-62 longtable captions (AR)
)
Package caption Info: supertabular package is loaded.
)
(/usr/share/texmf-dist/tex/latex/tools/bm.sty
Package: bm 2004/02/26 v1.1c Bold Symbol Support (DPC/FMi)
\symboldoperators=\mathgroup6
\symboldletters=\mathgroup7
\symboldsymbols=\mathgroup8
LaTeX Font Info:    Redeclaring math alphabet \mathbf on input line 138.
LaTeX Info: Redefining \bm on input line 204.
) (./glossary.tex)
\glo@main@file=\write5
\openout5 = `documentation.glo'.

Package glossaries Info: Writing glossary file documentation.glo on input line 
44.
Package biblatex Info: Trying to load language 'ngerman'...
Package biblatex Info: ... file 'ngerman.lbx' found.

(/usr/share/texmf-dist/tex/latex/biblatex/lbx/ngerman.lbx
File: ngerman.lbx 2013/11/25 v2.8a biblatex localization (PK/JW/AB)
Package biblatex Info: Trying to load language 'german'...
Package biblatex Info: ... file 'german.lbx' found.

(/usr/share/texmf-dist/tex/latex/biblatex/lbx/german.lbx
File: german.lbx 2013/11/25 v2.8a biblatex localization (PK/JW/AB)
))
Package csquotes Info: Checking for multilingual support...
Package csquotes Info: ... found 'babel' package.
 (./documentation.aux (./title.aux) (./partials/introduction.aux) (./partials/d
etails.aux)
(./partials/ending.aux))
\openout1 = `documentation.aux'.

LaTeX Font Info:    Checking defaults for OML/cmm/m/it on input line 60.
LaTeX Font Info:    ... okay on input line 60.
LaTeX Font Info:    Checking defaults for T1/cmr/m/n on input line 60.
LaTeX Font Info:    ... okay on input line 60.
LaTeX Font Info:    Checking defaults for OT1/cmr/m/n on input line 60.
LaTeX Font Info:    ... okay on input line 60.
LaTeX Font Info:    Checking defaults for OMS/cmsy/m/n on input line 60.
LaTeX Font Info:    ... okay on input line 60.
LaTeX Font Info:    Checking defaults for OMX/cmex/m/n on input line 60.
LaTeX Font Info:    ... okay on input line 60.
LaTeX Font Info:    Checking defaults for U/cmr/m/n on input line 60.
LaTeX Font Info:    ... okay on input line 60.
LaTeX Font Info:    Checking defaults for PD1/pdf/m/n on input line 60.
LaTeX Font Info:    ... okay on input line 60.
 (/usr/share/texmf-dist/tex/context/base/supp-pdf.mkii
[Loading MPS to PDF converter (version 2006.09.02).]
\scratchcounter=\count319
\scratchdimen=\dimen155
\scratchbox=\box36
\nofMPsegments=\count320
\nofMParguments=\count321
\everyMPshowfont=\toks37
\MPscratchCnt=\count322
\MPscratchDim=\dimen156
\MPnumerator=\count323
\makeMPintoPDFobject=\count324
\everyMPtoPDFconversion=\toks38
) (/usr/share/texmf-dist/tex/latex/oberdiek/epstopdf-base.sty
Package: epstopdf-base 2010/02/09 v2.5 Base part for package epstopdf

(/usr/share/texmf-dist/tex/latex/oberdiek/grfext.sty
Package: grfext 2010/08/19 v1.1 Manage graphics extensions (HO)
)
Package grfext Info: Graphics extension search list:
(grfext)             [.png,.pdf,.jpg,.mps,.jpeg,.jbig2,.jb2,.PNG,.PDF,.JPG,.JPE
G,.JBIG2,.JB2,.eps]
(grfext)             \AppendGraphicsExtensions on input line 452.

(/usr/share/texmf-dist/tex/latex/latexconfig/epstopdf-sys.cfg
File: epstopdf-sys.cfg 2010/07/13 v1.3 Configuration of (r)epstopdf for TeX Liv
e
))
\AtBeginShipoutBox=\box37
Package hyperref Info: Link coloring OFF on input line 60.

(/usr/share/texmf-dist/tex/latex/hyperref/nameref.sty
Package: nameref 2012/10/27 v2.43 Cross-referencing by name of section

(/usr/share/texmf-dist/tex/generic/oberdiek/gettitlestring.sty
Package: gettitlestring 2010/12/03 v1.4 Cleanup title references (HO)
)
\c@section@level=\count325
)
LaTeX Info: Redefining \ref on input line 60.
LaTeX Info: Redefining \pageref on input line 60.
LaTeX Info: Redefining \nameref on input line 60.
Package lastpage Info: Please have a look at the pageslts package at
(lastpage)             http://www.ctan.org/tex-archive/ 
(lastpage)             macros/latex/contrib/pageslts/ 
(lastpage)             or
(lastpage)             http://www.ctan.org/tex-archive/ 
(lastpage)             install/macros/latex/contrib/pageslts.tds.zip
(lastpage)             ! on input line 60.
Package biblatex Info: Input encoding 'utf8' detected.
Package biblatex Info: Automatic encoding selection.
(biblatex)             Assuming data encoding 'utf8'.
\openout4 = `documentation.bcf'.

Package biblatex Info: Trying to load bibliographic data...
Package biblatex Info: ... file 'documentation.bbl' found.

(./documentation.bbl)
Package biblatex Info: Reference section=0 on input line 60.
Package biblatex Info: Reference segment=0 on input line 60.
Package caption Info: Begin \AtBeginDocument code.
Package caption Info: End \AtBeginDocument code.
\openout2 = `title.aux'.

 (./title.tex
<images/BFH_Logo_C_de_100_RGB.png, id=4, 92.5056pt x 53.9616pt>
File: images/BFH_Logo_C_de_100_RGB.png Graphic file (type png)

<use images/BFH_Logo_C_de_100_RGB.png>
Package pdftex.def Info: images/BFH_Logo_C_de_100_RGB.png used on input line 4.

(pdftex.def)             Requested size: 92.50537pt x 53.96146pt.
LaTeX Font Info:    Try loading font information for U+msa on input line 30.

(/usr/share/texmf-dist/tex/latex/amsfonts/umsa.fd
File: umsa.fd 2013/01/14 v3.01 AMS symbols A
)
LaTeX Font Info:    Try loading font information for U+msb on input line 30.

(/usr/share/texmf-dist/tex/latex/amsfonts/umsb.fd
File: umsb.fd 2013/01/14 v3.01 AMS symbols B
)
Overfull \hbox (72.17404pt too wide) in paragraph at lines 30--43
[]  
 []

) [1

\openout3 = `documentation.xdy'.


{/var/lib/texmf/fonts/map/pdftex/updmap/pdftex.map} <./images/BFH_Logo_C_de_100
_RGB.png>] (./documentation.toc)
\tf@toc=\write6
\openout6 = `documentation.toc'.

File: images/BFH_Logo_C_de_100_RGB.png Graphic file (type png)
 <use images/BFH_Logo_C_de_100_RGB.png>
Package pdftex.def Info: images/BFH_Logo_C_de_100_RGB.png used on input line 64
.
(pdftex.def)             Requested size: 92.50537pt x 53.96146pt.

[2

]
\openout2 = `partials/introduction.aux'.

 (./partials/introduction.tex)
File: images/BFH_Logo_C_de_100_RGB.png Graphic file (type png)
 <use images/BFH_Logo_C_de_100_RGB.png>
Package pdftex.def Info: images/BFH_Logo_C_de_100_RGB.png used on input line 65
.
(pdftex.def)             Requested size: 92.50537pt x 53.96146pt.

[3

]
\openout2 = `partials/details.aux'.

 (./partials/details.tex (./partials/basics.tex
<images/checkers_board.png, id=43, 560.0925pt x 560.0925pt>
File: images/checkers_board.png Graphic file (type png)

<use images/checkers_board.png>
Package pdftex.def Info: images/checkers_board.png used on input line 11.
(pdftex.def)             Requested size: 200.75073pt x 200.75287pt.
File: images/BFH_Logo_C_de_100_RGB.png Graphic file (type png)
 <use images/BFH_Logo_C_de_100_RGB.png>
Package pdftex.def Info: images/BFH_Logo_C_de_100_RGB.png used on input line 20
.
(pdftex.def)             Requested size: 92.50537pt x 53.96146pt.
 [4


 <./images/checkers_board.png>]
<images/checkers_rule_01.png, id=57, 560.0925pt x 560.0925pt>
File: images/checkers_rule_01.png Graphic file (type png)

<use images/checkers_rule_01.png>
Package pdftex.def Info: images/checkers_rule_01.png used on input line 22.
(pdftex.def)             Requested size: 155.99762pt x 155.99583pt.


Package caption Warning: The option `hypcap=true' will be ignored for this
(caption)                particular \caption on input line 23.
See the caption package documentation for explanation.

<images/checkers_rule_02.png, id=60, 560.0925pt x 560.0925pt>
File: images/checkers_rule_02.png Graphic file (type png)

<use images/checkers_rule_02.png>
Package pdftex.def Info: images/checkers_rule_02.png used on input line 28.
(pdftex.def)             Requested size: 155.99762pt x 155.99583pt.


Package caption Warning: The option `hypcap=true' will be ignored for this
(caption)                particular \caption on input line 29.
See the caption package documentation for explanation.

)
File: images/BFH_Logo_C_de_100_RGB.png Graphic file (type png)
 <use images/BFH_Logo_C_de_100_RGB.png>
Package pdftex.def Info: images/BFH_Logo_C_de_100_RGB.png used on input line 2.

(pdftex.def)             Requested size: 92.50537pt x 53.96146pt.
 [5 <./images/checkers_rule_01.png> <./images/checkers_rule_02.png>] (./partial
s/implementation.tex))
File: images/BFH_Logo_C_de_100_RGB.png Graphic file (type png)

<use images/BFH_Logo_C_de_100_RGB.png>
Package pdftex.def Info: images/BFH_Logo_C_de_100_RGB.png used on input line 66
.
(pdftex.def)             Requested size: 92.50537pt x 53.96146pt.
 [6]
\openout2 = `partials/ending.aux'.

 (./partials/ending.tex)
File: images/BFH_Logo_C_de_100_RGB.png Graphic file (type png)

<use images/BFH_Logo_C_de_100_RGB.png>
Package pdftex.def Info: images/BFH_Logo_C_de_100_RGB.png used on input line 68
.
(pdftex.def)             Requested size: 92.50537pt x 53.96146pt.
 [7


]
Overfull \hbox (1.07649pt too wide) in paragraph at lines 70--70
\OT1/cmr/m/it/12 Ana-ly-sis, and In-ter-net Ex-amp-les\OT1/cmr/m/n/12 . Wi-ley.
 \OT1/cmr/m/sc/12 isbn\OT1/cmr/m/n/12 : 9780471383659. \OT1/cmr/m/sc/12 url\OT1
/cmr/m/n/12 : []$\OT1/cmtt/m/n/12 http :
 []


Overfull \hbox (34.94049pt too wide) in paragraph at lines 70--70
[][][]\OT1/cmr/m/n/12 (2005). \OT1/cmr/m/it/12 Al-go-rith-mi-sche Geo-me-trie\O
T1/cmr/m/n/12 . Springer-Verlag GmbH. \OT1/cmr/m/sc/12 isbn\OT1/cmr/m/n/12 : 97
83540209560. 
 []


Overfull \hbox (15.88052pt too wide) in paragraph at lines 70--70
\OT1/cmr/m/n/12 gen und heu-ris-ti-sche Nut-zung von Voronoi-/Delaunay-Struktur
en zur L[]osung
 []


Overfull \hbox (15.59221pt too wide) in paragraph at lines 70--70
[][]\OT1/cmr/m/n/12 WarlordsofMinecraft (2012). \OT1/cmr/m/it/12 My wall-pa-per
 dump #2\OT1/cmr/m/n/12 . Web-sei-te. On-li-ne verf[]ugbar
 []

File: images/BFH_Logo_C_de_100_RGB.png Graphic file (type png)
<use images/BFH_Logo_C_de_100_RGB.png>
Package pdftex.def Info: images/BFH_Logo_C_de_100_RGB.png used on input line 71
.
(pdftex.def)             Requested size: 92.50537pt x 53.96146pt.
 [8

] (./documentation.gls
LaTeX Font Info:    Try loading font information for OMS+cmr on input line 30.

(/usr/share/texmf-dist/tex/latex/base/omscmr.fd
File: omscmr.fd 1999/05/25 v2.5h Standard LaTeX font definitions
)
LaTeX Font Info:    Font shape `OMS/cmr/m/n' in size <12> not available
(Font)              Font shape `OMS/cmsy/m/n' tried instead on input line 30.

Overfull \hbox (10.34811pt too wide) in paragraph at lines 38--40
[]\OT1/cmr/m/n/12 Die Gross-Omega-Notation $
$ de-fi-niert ei-ne un-te-re Schran-
 []

File: images/BFH_Logo_C_de_100_RGB.png Graphic file (type png)
<use images/BFH_Logo_C_de_100_RGB.png>
Package pdftex.def Info: images/BFH_Logo_C_de_100_RGB.png used on input line 43
.
(pdftex.def)             Requested size: 92.50537pt x 53.96146pt.
 [9]) 
AED: lastpage setting LastPage
File: images/BFH_Logo_C_de_100_RGB.png Graphic file (type png)
<use images/BFH_Logo_C_de_100_RGB.png>
Package pdftex.def Info: images/BFH_Logo_C_de_100_RGB.png used on input line 73
.
(pdftex.def)             Requested size: 92.50537pt x 53.96146pt.
 [10]
Package atveryend Info: Empty hook `BeforeClearDocument' on input line 73.
Package atveryend Info: Empty hook `AfterLastShipout' on input line 73.
 (./documentation.aux (./title.aux)
(./partials/introduction.aux) (./partials/details.aux) (./partials/ending.aux))
Package atveryend Info: Executing hook `AtVeryEndDocument' on input line 73.
Package atveryend Info: Empty hook `AtEndAfterFileList' on input line 73.
Package logreq Info: Writing requests to 'documentation.run.xml'.
\openout1 = `documentation.run.xml'.

 ) 
Here is how much of TeX's memory you used:
 18287 strings out of 493308
 286603 string characters out of 6143617
 819327 words of memory out of 5000000
 21334 multiletter control sequences out of 15000+600000
 18204 words of font info for 67 fonts, out of 8000000 for 9000
 961 hyphenation exceptions out of 8191
 53i,15n,92p,1725b,1387s stack positions out of 5000i,500n,10000p,200000b,80000s
</usr/share/texmf-dist/fonts/type1/public/amsfonts/cmextra/cmbsy8.pfb></usr/s
hare/texmf-dist/fonts/type1/public/amsfonts/cm/cmbx10.pfb></usr/share/texmf-dis
t/fonts/type1/public/amsfonts/cm/cmbx12.pfb></usr/share/texmf-dist/fonts/type1/
public/amsfonts/cm/cmbxti10.pfb></usr/share/texmf-dist/fonts/type1/public/amsfo
nts/cm/cmcsc10.pfb></usr/share/texmf-dist/fonts/type1/public/amsfonts/cm/cmex10
.pfb></usr/share/texmf-dist/fonts/type1/public/amsfonts/cm/cmmi12.pfb></usr/sha
re/texmf-dist/fonts/type1/public/amsfonts/cm/cmmi8.pfb></usr/share/texmf-dist/f
onts/type1/public/amsfonts/cm/cmmib10.pfb></usr/share/texmf-dist/fonts/type1/pu
blic/amsfonts/cm/cmr10.pfb></usr/share/texmf-dist/fonts/type1/public/amsfonts/c
m/cmr12.pfb></usr/share/texmf-dist/fonts/type1/public/amsfonts/cm/cmr17.pfb></u
sr/share/texmf-dist/fonts/type1/public/amsfonts/cm/cmr7.pfb></usr/share/texmf-d
ist/fonts/type1/public/amsfonts/cm/cmr8.pfb></usr/share/texmf-dist/fonts/type1/
public/amsfonts/cm/cmsy10.pfb></usr/share/texmf-dist/fonts/type1/public/amsfont
s/cm/cmsy6.pfb></usr/share/texmf-dist/fonts/type1/public/amsfonts/cm/cmsy8.pfb>
</usr/share/texmf-dist/fonts/type1/public/amsfonts/cm/cmti12.pfb></usr/share/te
xmf-dist/fonts/type1/public/amsfonts/cm/cmtt12.pfb></usr/share/texmf-dist/fonts
/type1/public/amsfonts/symbols/msbm10.pfb>
Output written on documentation.pdf (10 pages, 326988 bytes).
PDF statistics:
 258 PDF objects out of 1000 (max. 8388607)
 212 compressed objects within 3 object streams
 49 named destinations out of 1000 (max. 500000)
 85 words of extra memory for PDF output out of 10000 (max. 10000000)

